<?xml version="1.0" encoding="UTF-8"?>
<testng-results ignored="0" total="1" passed="1" failed="0" skipped="0">
  <reporter-output>
  </reporter-output>
  <suite started-at="2023-01-09T00:00:38 IST" name="Default suite" finished-at="2023-01-09T00:00:39 IST" duration-ms="212">
    <groups>
    </groups>
    <test started-at="2023-01-09T00:00:38 IST" name="Default test" finished-at="2023-01-09T00:00:39 IST" duration-ms="212">
      <class name="abcd.MavenTest1">
        <test-method signature="m1()[pri:0, instance:abcd.MavenTest1@7068e664]" started-at="2023-01-09T00:00:38 IST" name="m1" finished-at="2023-01-09T00:00:38 IST" duration-ms="92" status="PASS">
          <reporter-output>
          </reporter-output>
        </test-method> <!-- m1 -->
      </class> <!-- abcd.MavenTest1 -->
    </test> <!-- Default test -->
  </suite> <!-- Default suite -->
</testng-results>
