<?xml version="1.0" encoding="UTF-8"?>
<!-- Generated by org.testng.reporters.JUnitXMLReporter -->
<testsuite ignored="7" hostname="LAPTOP-3CF66GBG" failures="0" tests="5" name="Default test-2" time="0.05" errors="0" timestamp="2022-06-23T18:04:57 IST">
  <testcase classname="workingWithXml.SampleClass_2" name="metho_1" time="0.007"/>
  <testcase classname="workingWithXml.SampleClass_2" name="metho_3" time="0.001"/>
  <testcase classname="workingWithXml.SampleClass_1" name="metho_6" time="0.001"/>
  <testcase classname="workingWithXml.SampleClass_1" name="metho_8" time="0.001"/>
  <testcase classname="workingWithXml.Grouping" name="metho_10" time="0.001"/>
  <testcase classname="workingWithXml.SampleClass_2" name="metho_4" time="0.0">
    <ignored/>
  </testcase> <!-- metho_4 -->
  <testcase classname="workingWithXml.Grouping" name="metho_9" time="0.0">
    <ignored/>
  </testcase> <!-- metho_9 -->
  <testcase classname="workingWithXml.SampleClass_1" name="metho_7" time="0.0">
    <ignored/>
  </testcase> <!-- metho_7 -->
  <testcase classname="workingWithXml.Grouping" name="metho_12" time="0.0">
    <ignored/>
  </testcase> <!-- metho_12 -->
  <testcase classname="workingWithXml.SampleClass_2" name="metho_2" time="0.0">
    <ignored/>
  </testcase> <!-- metho_2 -->
  <testcase classname="workingWithXml.Grouping" name="metho_11" time="0.0">
    <ignored/>
  </testcase> <!-- metho_11 -->
  <testcase classname="workingWithXml.SampleClass_1" name="metho_5" time="0.0">
    <ignored/>
  </testcase> <!-- metho_5 -->
</testsuite> <!-- Default test-2 -->
